{"contracts\\BasicDutchAuction.sol":{"l":{"27":36,"28":36,"29":36,"30":36,"31":36,"32":36,"33":36,"34":36,"35":36,"39":15,"41":14,"46":13,"47":12,"48":5,"50":12,"51":12,"53":1,"56":13,"58":13,"59":6,"65":8,"66":8,"69":8,"70":6,"72":6,"73":6,"75":2,"90":5,"91":4,"92":3,"94":2,"95":2,"96":2},"path":"D:\\SEM_3\\assignment\\DutchAuction\\v1\\contracts\\BasicDutchAuction.sol","s":{"1":15,"2":14,"3":13,"4":12,"5":13,"6":13,"7":6,"8":8,"9":6,"10":6,"11":2,"12":5,"13":4,"14":3,"15":2,"16":2},"b":{"1":[14,1],"2":[13,1],"3":[12,1],"4":[5,7],"5":[6,7],"6":[6,2],"7":[4,1],"8":[3,1],"9":[2,1]},"f":{"1":36,"2":15,"3":8,"4":5},"fnMap":{"1":{"name":"constructor","line":22,"loc":{"start":{"line":22,"column":4},"end":{"line":36,"column":4}}},"2":{"name":"placeBid","line":38,"loc":{"start":{"line":38,"column":4},"end":{"line":61,"column":4}}},"3":{"name":"endAuction","line":63,"loc":{"start":{"line":63,"column":4},"end":{"line":77,"column":4}}},"4":{"name":"refundBid","line":89,"loc":{"start":{"line":89,"column":4},"end":{"line":97,"column":4}}}},"statementMap":{"1":{"start":{"line":39,"column":8},"end":{"line":39,"column":54}},"2":{"start":{"line":41,"column":8},"end":{"line":41,"column":66}},"3":{"start":{"line":46,"column":8},"end":{"line":46,"column":1531}},"4":{"start":{"line":47,"column":12},"end":{"line":47,"column":1577}},"5":{"start":{"line":56,"column":8},"end":{"line":56,"column":45}},"6":{"start":{"line":58,"column":8},"end":{"line":58,"column":1864}},"7":{"start":{"line":59,"column":12},"end":{"line":59,"column":23}},"8":{"start":{"line":69,"column":8},"end":{"line":69,"column":2158}},"9":{"start":{"line":72,"column":12},"end":{"line":72,"column":38}},"10":{"start":{"line":73,"column":12},"end":{"line":73,"column":56}},"11":{"start":{"line":75,"column":12},"end":{"line":75,"column":44}},"12":{"start":{"line":90,"column":8},"end":{"line":90,"column":57}},"13":{"start":{"line":91,"column":8},"end":{"line":91,"column":71}},"14":{"start":{"line":92,"column":8},"end":{"line":92,"column":52}},"15":{"start":{"line":94,"column":8},"end":{"line":94,"column":43}},"16":{"start":{"line":96,"column":8},"end":{"line":96,"column":45}}},"branchMap":{"1":{"line":39,"type":"if","locations":[{"start":{"line":39,"column":8},"end":{"line":39,"column":8}},{"start":{"line":39,"column":8},"end":{"line":39,"column":8}}]},"2":{"line":41,"type":"if","locations":[{"start":{"line":41,"column":8},"end":{"line":41,"column":8}},{"start":{"line":41,"column":8},"end":{"line":41,"column":8}}]},"3":{"line":46,"type":"if","locations":[{"start":{"line":46,"column":8},"end":{"line":46,"column":8}},{"start":{"line":46,"column":8},"end":{"line":46,"column":8}}]},"4":{"line":47,"type":"if","locations":[{"start":{"line":47,"column":12},"end":{"line":47,"column":12}},{"start":{"line":47,"column":12},"end":{"line":47,"column":12}}]},"5":{"line":58,"type":"if","locations":[{"start":{"line":58,"column":8},"end":{"line":58,"column":8}},{"start":{"line":58,"column":8},"end":{"line":58,"column":8}}]},"6":{"line":69,"type":"if","locations":[{"start":{"line":69,"column":8},"end":{"line":69,"column":8}},{"start":{"line":69,"column":8},"end":{"line":69,"column":8}}]},"7":{"line":90,"type":"if","locations":[{"start":{"line":90,"column":8},"end":{"line":90,"column":8}},{"start":{"line":90,"column":8},"end":{"line":90,"column":8}}]},"8":{"line":91,"type":"if","locations":[{"start":{"line":91,"column":8},"end":{"line":91,"column":8}},{"start":{"line":91,"column":8},"end":{"line":91,"column":8}}]},"9":{"line":92,"type":"if","locations":[{"start":{"line":92,"column":8},"end":{"line":92,"column":8}},{"start":{"line":92,"column":8},"end":{"line":92,"column":8}}]}}}}