{"contracts\\BasicDutchAuction.sol":{"l":{"27":39,"28":39,"29":39,"30":39,"31":39,"32":39,"33":39,"34":39,"35":39,"40":15,"42":14,"47":13,"48":12,"49":5,"51":12,"52":12,"54":1,"57":13,"59":13,"60":6,"66":8,"67":8,"70":8,"71":6,"73":6,"74":6,"76":2,"91":5,"92":4,"93":3,"95":2,"96":2,"97":2},"path":"D:\\SEM_3\\assignment\\DutchAuction\\v1\\contracts\\BasicDutchAuction.sol","s":{"1":15,"2":14,"3":13,"4":12,"5":13,"6":13,"7":6,"8":8,"9":6,"10":6,"11":2,"12":5,"13":4,"14":3,"15":2,"16":2},"b":{"1":[14,1],"2":[13,1],"3":[12,1],"4":[5,7],"5":[6,7],"6":[6,2],"7":[4,1],"8":[3,1],"9":[2,1]},"f":{"1":39,"2":15,"3":8,"4":5},"fnMap":{"1":{"name":"constructor","line":22,"loc":{"start":{"line":22,"column":4},"end":{"line":36,"column":4}}},"2":{"name":"placeBid","line":38,"loc":{"start":{"line":38,"column":4},"end":{"line":62,"column":4}}},"3":{"name":"endAuction","line":64,"loc":{"start":{"line":64,"column":4},"end":{"line":78,"column":4}}},"4":{"name":"refundBid","line":90,"loc":{"start":{"line":90,"column":4},"end":{"line":98,"column":4}}}},"statementMap":{"1":{"start":{"line":40,"column":8},"end":{"line":40,"column":54}},"2":{"start":{"line":42,"column":8},"end":{"line":42,"column":66}},"3":{"start":{"line":47,"column":8},"end":{"line":47,"column":1627}},"4":{"start":{"line":48,"column":12},"end":{"line":48,"column":1673}},"5":{"start":{"line":57,"column":8},"end":{"line":57,"column":45}},"6":{"start":{"line":59,"column":8},"end":{"line":59,"column":1960}},"7":{"start":{"line":60,"column":12},"end":{"line":60,"column":23}},"8":{"start":{"line":70,"column":8},"end":{"line":70,"column":2254}},"9":{"start":{"line":73,"column":12},"end":{"line":73,"column":38}},"10":{"start":{"line":74,"column":12},"end":{"line":74,"column":56}},"11":{"start":{"line":76,"column":12},"end":{"line":76,"column":44}},"12":{"start":{"line":91,"column":8},"end":{"line":91,"column":57}},"13":{"start":{"line":92,"column":8},"end":{"line":92,"column":71}},"14":{"start":{"line":93,"column":8},"end":{"line":93,"column":52}},"15":{"start":{"line":95,"column":8},"end":{"line":95,"column":43}},"16":{"start":{"line":97,"column":8},"end":{"line":97,"column":45}}},"branchMap":{"1":{"line":40,"type":"if","locations":[{"start":{"line":40,"column":8},"end":{"line":40,"column":8}},{"start":{"line":40,"column":8},"end":{"line":40,"column":8}}]},"2":{"line":42,"type":"if","locations":[{"start":{"line":42,"column":8},"end":{"line":42,"column":8}},{"start":{"line":42,"column":8},"end":{"line":42,"column":8}}]},"3":{"line":47,"type":"if","locations":[{"start":{"line":47,"column":8},"end":{"line":47,"column":8}},{"start":{"line":47,"column":8},"end":{"line":47,"column":8}}]},"4":{"line":48,"type":"if","locations":[{"start":{"line":48,"column":12},"end":{"line":48,"column":12}},{"start":{"line":48,"column":12},"end":{"line":48,"column":12}}]},"5":{"line":59,"type":"if","locations":[{"start":{"line":59,"column":8},"end":{"line":59,"column":8}},{"start":{"line":59,"column":8},"end":{"line":59,"column":8}}]},"6":{"line":70,"type":"if","locations":[{"start":{"line":70,"column":8},"end":{"line":70,"column":8}},{"start":{"line":70,"column":8},"end":{"line":70,"column":8}}]},"7":{"line":91,"type":"if","locations":[{"start":{"line":91,"column":8},"end":{"line":91,"column":8}},{"start":{"line":91,"column":8},"end":{"line":91,"column":8}}]},"8":{"line":92,"type":"if","locations":[{"start":{"line":92,"column":8},"end":{"line":92,"column":8}},{"start":{"line":92,"column":8},"end":{"line":92,"column":8}}]},"9":{"line":93,"type":"if","locations":[{"start":{"line":93,"column":8},"end":{"line":93,"column":8}},{"start":{"line":93,"column":8},"end":{"line":93,"column":8}}]}}}}