{"contracts\\ERC20Token.sol":{"l":{"10":63,"14":16},"path":"D:\\SEM_3\\assignment\\DutchAuction\\v5\\contracts\\ERC20Token.sol","s":{"1":63,"2":16},"b":{"1":[16,1]},"f":{"1":63,"2":16},"fnMap":{"1":{"name":"constructor","line":9,"loc":{"start":{"line":9,"column":4},"end":{"line":11,"column":4}}},"2":{"name":"mint","line":13,"loc":{"start":{"line":13,"column":4},"end":{"line":15,"column":4}}}},"statementMap":{"1":{"start":{"line":10,"column":8},"end":{"line":10,"column":53}},"2":{"start":{"line":14,"column":8},"end":{"line":14,"column":24}}},"branchMap":{"1":{"line":13,"type":"if","locations":[{"start":{"line":13,"column":53},"end":{"line":13,"column":53}},{"start":{"line":13,"column":53},"end":{"line":13,"column":53}}]}}},"contracts\\ERC721Token.sol":{"l":{"15":24,"16":24,"17":24,"18":24,"20":24},"path":"D:\\SEM_3\\assignment\\DutchAuction\\v5\\contracts\\ERC721Token.sol","s":{"1":24,"2":24,"3":24,"4":24,"5":24},"b":{"1":[24,2]},"f":{"1":63,"2":24},"fnMap":{"1":{"name":"constructor","line":12,"loc":{"start":{"line":12,"column":4},"end":{"line":12,"column":49}}},"2":{"name":"mint","line":14,"loc":{"start":{"line":14,"column":4},"end":{"line":21,"column":4}}}},"statementMap":{"1":{"start":{"line":15,"column":8},"end":{"line":15,"column":45}},"2":{"start":{"line":16,"column":8},"end":{"line":16,"column":28}},"3":{"start":{"line":17,"column":8},"end":{"line":17,"column":29}},"4":{"start":{"line":18,"column":8},"end":{"line":18,"column":38}},"5":{"start":{"line":20,"column":8},"end":{"line":20,"column":22}}},"branchMap":{"1":{"line":14,"type":"if","locations":[{"start":{"line":14,"column":61},"end":{"line":14,"column":61}},{"start":{"line":14,"column":61},"end":{"line":14,"column":61}}]}}},"contracts\\NFTDutchAuction_ERC20Bids.sol":{"l":{"56":67,"57":67,"59":67,"60":67,"61":67,"62":67,"63":67,"64":67,"65":67,"66":67,"67":67,"68":67,"70":67,"71":67,"72":67,"83":2,"87":17,"88":16,"90":15,"92":14,"93":13,"94":3,"96":13,"97":13,"99":1,"102":14,"104":14,"105":6,"110":9,"111":8,"112":8,"114":8,"115":7,"118":7,"124":7,"127":1,"133":1,"138":4,"139":3,"140":2,"142":1,"143":1,"144":1,"148":1,"157":1,"167":1,"177":0,"178":0},"path":"D:\\SEM_3\\assignment\\DutchAuction\\v5\\contracts\\NFTDutchAuction_ERC20Bids.sol","s":{"1":67,"2":67,"3":67,"4":2,"5":17,"6":16,"7":15,"8":14,"9":13,"10":14,"11":14,"12":6,"13":9,"14":8,"15":7,"16":7,"17":1,"18":1,"19":4,"20":3,"21":2,"22":1,"23":1,"24":1,"25":1,"26":1,"27":0,"28":0},"b":{"1":[67,0],"2":[66,1],"3":[0,0],"4":[16,1],"5":[15,1],"6":[13,1],"7":[3,10],"8":[6,8],"9":[8,1],"10":[7,1],"11":[3,1],"12":[2,1],"13":[1,1]},"f":{"1":67,"2":0,"3":2,"4":17,"5":9,"6":4,"7":1,"8":1,"9":0},"fnMap":{"1":{"name":"initialize","line":55,"loc":{"start":{"line":47,"column":4},"end":{"line":76,"column":4}}},"2":{"name":"_authorizeUpgrade","line":80,"loc":{"start":{"line":78,"column":4},"end":{"line":80,"column":35}}},"3":{"name":"getMessage","line":82,"loc":{"start":{"line":82,"column":4},"end":{"line":84,"column":4}}},"4":{"name":"placeBid","line":86,"loc":{"start":{"line":86,"column":4},"end":{"line":107,"column":4}}},"5":{"name":"endAuction","line":109,"loc":{"start":{"line":109,"column":4},"end":{"line":135,"column":4}}},"6":{"name":"refundBidders","line":137,"loc":{"start":{"line":137,"column":4},"end":{"line":145,"column":4}}},"7":{"name":"submitBidWithPermit","line":147,"loc":{"start":{"line":147,"column":4},"end":{"line":158,"column":4}}},"8":{"name":"getPermitDigest","line":160,"loc":{"start":{"line":160,"column":4},"end":{"line":168,"column":4}}},"9":{"name":"_verifyPermit","line":170,"loc":{"start":{"line":170,"column":4},"end":{"line":179,"column":4}}}},"statementMap":{"1":{"start":{"line":56,"column":8},"end":{"line":56,"column":23}},"2":{"start":{"line":57,"column":8},"end":{"line":57,"column":31}},"3":{"start":{"line":72,"column":8},"end":{"line":72,"column":2604}},"4":{"start":{"line":83,"column":8},"end":{"line":83,"column":28}},"5":{"start":{"line":87,"column":8},"end":{"line":87,"column":69}},"6":{"start":{"line":88,"column":8},"end":{"line":88,"column":58}},"7":{"start":{"line":90,"column":8},"end":{"line":90,"column":68}},"8":{"start":{"line":92,"column":8},"end":{"line":92,"column":3239}},"9":{"start":{"line":93,"column":12},"end":{"line":93,"column":3286}},"10":{"start":{"line":102,"column":8},"end":{"line":102,"column":45}},"11":{"start":{"line":104,"column":8},"end":{"line":104,"column":3584}},"12":{"start":{"line":105,"column":12},"end":{"line":105,"column":23}},"13":{"start":{"line":110,"column":8},"end":{"line":110,"column":58}},"14":{"start":{"line":114,"column":8},"end":{"line":114,"column":3829}},"15":{"start":{"line":118,"column":12},"end":{"line":118,"column":4039}},"16":{"start":{"line":124,"column":12},"end":{"line":124,"column":56}},"17":{"start":{"line":127,"column":12},"end":{"line":127,"column":4331}},"18":{"start":{"line":133,"column":12},"end":{"line":133,"column":44}},"19":{"start":{"line":138,"column":8},"end":{"line":138,"column":57}},"20":{"start":{"line":139,"column":8},"end":{"line":139,"column":71}},"21":{"start":{"line":140,"column":8},"end":{"line":140,"column":52}},"22":{"start":{"line":142,"column":8},"end":{"line":142,"column":43}},"23":{"start":{"line":144,"column":8},"end":{"line":144,"column":48}},"24":{"start":{"line":148,"column":8},"end":{"line":148,"column":5030}},"25":{"start":{"line":157,"column":8},"end":{"line":157,"column":26}},"26":{"start":{"line":167,"column":8},"end":{"line":167,"column":97}},"27":{"start":{"line":177,"column":8},"end":{"line":177,"column":61}},"28":{"start":{"line":178,"column":8},"end":{"line":178,"column":74}}},"branchMap":{"1":{"line":55,"type":"if","locations":[{"start":{"line":55,"column":13},"end":{"line":55,"column":13}},{"start":{"line":55,"column":13},"end":{"line":55,"column":13}}]},"2":{"line":72,"type":"if","locations":[{"start":{"line":72,"column":8},"end":{"line":72,"column":8}},{"start":{"line":72,"column":8},"end":{"line":72,"column":8}}]},"3":{"line":80,"type":"if","locations":[{"start":{"line":80,"column":24},"end":{"line":80,"column":24}},{"start":{"line":80,"column":24},"end":{"line":80,"column":24}}]},"4":{"line":87,"type":"if","locations":[{"start":{"line":87,"column":8},"end":{"line":87,"column":8}},{"start":{"line":87,"column":8},"end":{"line":87,"column":8}}]},"5":{"line":88,"type":"if","locations":[{"start":{"line":88,"column":8},"end":{"line":88,"column":8}},{"start":{"line":88,"column":8},"end":{"line":88,"column":8}}]},"6":{"line":92,"type":"if","locations":[{"start":{"line":92,"column":8},"end":{"line":92,"column":8}},{"start":{"line":92,"column":8},"end":{"line":92,"column":8}}]},"7":{"line":93,"type":"if","locations":[{"start":{"line":93,"column":12},"end":{"line":93,"column":12}},{"start":{"line":93,"column":12},"end":{"line":93,"column":12}}]},"8":{"line":104,"type":"if","locations":[{"start":{"line":104,"column":8},"end":{"line":104,"column":8}},{"start":{"line":104,"column":8},"end":{"line":104,"column":8}}]},"9":{"line":110,"type":"if","locations":[{"start":{"line":110,"column":8},"end":{"line":110,"column":8}},{"start":{"line":110,"column":8},"end":{"line":110,"column":8}}]},"10":{"line":114,"type":"if","locations":[{"start":{"line":114,"column":8},"end":{"line":114,"column":8}},{"start":{"line":114,"column":8},"end":{"line":114,"column":8}}]},"11":{"line":138,"type":"if","locations":[{"start":{"line":138,"column":8},"end":{"line":138,"column":8}},{"start":{"line":138,"column":8},"end":{"line":138,"column":8}}]},"12":{"line":139,"type":"if","locations":[{"start":{"line":139,"column":8},"end":{"line":139,"column":8}},{"start":{"line":139,"column":8},"end":{"line":139,"column":8}}]},"13":{"line":140,"type":"if","locations":[{"start":{"line":140,"column":8},"end":{"line":140,"column":8}},{"start":{"line":140,"column":8},"end":{"line":140,"column":8}}]}}}}