{"contracts\\ERC721Token.sol":{"l":{"15":16,"16":16,"17":16,"18":16,"20":16},"path":"D:\\SEM_3\\assignment\\DutchAuction\\v2\\contracts\\ERC721Token.sol","s":{"1":16,"2":16,"3":16,"4":16,"5":16},"b":{"1":[16,1]},"f":{"1":42,"2":16},"fnMap":{"1":{"name":"constructor","line":12,"loc":{"start":{"line":12,"column":4},"end":{"line":12,"column":49}}},"2":{"name":"mint","line":14,"loc":{"start":{"line":14,"column":4},"end":{"line":21,"column":4}}}},"statementMap":{"1":{"start":{"line":15,"column":8},"end":{"line":15,"column":45}},"2":{"start":{"line":16,"column":8},"end":{"line":16,"column":28}},"3":{"start":{"line":17,"column":8},"end":{"line":17,"column":29}},"4":{"start":{"line":18,"column":8},"end":{"line":18,"column":38}},"5":{"start":{"line":20,"column":8},"end":{"line":20,"column":22}}},"branchMap":{"1":{"line":14,"type":"if","locations":[{"start":{"line":14,"column":61},"end":{"line":14,"column":61}},{"start":{"line":14,"column":61},"end":{"line":14,"column":61}}]}}},"contracts\\NFTDutchAuction.sol":{"l":{"45":43,"46":43,"47":43,"48":43,"49":43,"50":43,"51":43,"52":43,"53":43,"54":43,"56":43,"57":43,"64":16,"65":15,"67":14,"68":13,"69":5,"71":13,"72":13,"74":1,"77":14,"78":14,"79":6,"84":10,"85":9,"86":9,"88":9,"89":8,"92":8,"95":8,"100":8,"103":1,"108":1,"110":9,"115":5,"116":4,"117":3,"119":2,"120":2,"121":2},"path":"D:\\SEM_3\\assignment\\DutchAuction\\v2\\contracts\\NFTDutchAuction.sol","s":{"1":43,"2":16,"3":15,"4":14,"5":13,"6":14,"7":14,"8":6,"9":10,"10":9,"11":8,"12":8,"13":8,"14":1,"15":1,"16":9,"17":5,"18":4,"19":3,"20":2,"21":2},"b":{"1":[42,1],"2":[15,1],"3":[14,1],"4":[13,1],"5":[5,8],"6":[6,8],"7":[9,1],"8":[8,1],"9":[4,1],"10":[3,1],"11":[2,1]},"f":{"1":43,"2":16,"3":10,"4":5},"fnMap":{"1":{"name":"constructor","line":38,"loc":{"start":{"line":38,"column":4},"end":{"line":61,"column":4}}},"2":{"name":"placeBid","line":63,"loc":{"start":{"line":63,"column":4},"end":{"line":81,"column":4}}},"3":{"name":"endAuction","line":83,"loc":{"start":{"line":83,"column":4},"end":{"line":111,"column":4}}},"4":{"name":"refundBidders","line":114,"loc":{"start":{"line":114,"column":4},"end":{"line":122,"column":4}}}},"statementMap":{"1":{"start":{"line":57,"column":8},"end":{"line":57,"column":1955}},"2":{"start":{"line":64,"column":8},"end":{"line":64,"column":69}},"3":{"start":{"line":65,"column":8},"end":{"line":65,"column":58}},"4":{"start":{"line":67,"column":8},"end":{"line":67,"column":2290}},"5":{"start":{"line":68,"column":12},"end":{"line":68,"column":2337}},"6":{"start":{"line":77,"column":8},"end":{"line":77,"column":45}},"7":{"start":{"line":78,"column":8},"end":{"line":78,"column":2633}},"8":{"start":{"line":79,"column":12},"end":{"line":79,"column":23}},"9":{"start":{"line":84,"column":8},"end":{"line":84,"column":58}},"10":{"start":{"line":88,"column":8},"end":{"line":88,"column":2878}},"11":{"start":{"line":92,"column":12},"end":{"line":92,"column":37}},"12":{"start":{"line":95,"column":12},"end":{"line":95,"column":3183}},"13":{"start":{"line":100,"column":12},"end":{"line":100,"column":56}},"14":{"start":{"line":103,"column":12},"end":{"line":103,"column":3508}},"15":{"start":{"line":108,"column":12},"end":{"line":108,"column":44}},"16":{"start":{"line":110,"column":8},"end":{"line":110,"column":52}},"17":{"start":{"line":115,"column":8},"end":{"line":115,"column":57}},"18":{"start":{"line":116,"column":8},"end":{"line":116,"column":71}},"19":{"start":{"line":117,"column":8},"end":{"line":117,"column":52}},"20":{"start":{"line":119,"column":8},"end":{"line":119,"column":43}},"21":{"start":{"line":121,"column":8},"end":{"line":121,"column":45}}},"branchMap":{"1":{"line":57,"type":"if","locations":[{"start":{"line":57,"column":8},"end":{"line":57,"column":8}},{"start":{"line":57,"column":8},"end":{"line":57,"column":8}}]},"2":{"line":64,"type":"if","locations":[{"start":{"line":64,"column":8},"end":{"line":64,"column":8}},{"start":{"line":64,"column":8},"end":{"line":64,"column":8}}]},"3":{"line":65,"type":"if","locations":[{"start":{"line":65,"column":8},"end":{"line":65,"column":8}},{"start":{"line":65,"column":8},"end":{"line":65,"column":8}}]},"4":{"line":67,"type":"if","locations":[{"start":{"line":67,"column":8},"end":{"line":67,"column":8}},{"start":{"line":67,"column":8},"end":{"line":67,"column":8}}]},"5":{"line":68,"type":"if","locations":[{"start":{"line":68,"column":12},"end":{"line":68,"column":12}},{"start":{"line":68,"column":12},"end":{"line":68,"column":12}}]},"6":{"line":78,"type":"if","locations":[{"start":{"line":78,"column":8},"end":{"line":78,"column":8}},{"start":{"line":78,"column":8},"end":{"line":78,"column":8}}]},"7":{"line":84,"type":"if","locations":[{"start":{"line":84,"column":8},"end":{"line":84,"column":8}},{"start":{"line":84,"column":8},"end":{"line":84,"column":8}}]},"8":{"line":88,"type":"if","locations":[{"start":{"line":88,"column":8},"end":{"line":88,"column":8}},{"start":{"line":88,"column":8},"end":{"line":88,"column":8}}]},"9":{"line":115,"type":"if","locations":[{"start":{"line":115,"column":8},"end":{"line":115,"column":8}},{"start":{"line":115,"column":8},"end":{"line":115,"column":8}}]},"10":{"line":116,"type":"if","locations":[{"start":{"line":116,"column":8},"end":{"line":116,"column":8}},{"start":{"line":116,"column":8},"end":{"line":116,"column":8}}]},"11":{"line":117,"type":"if","locations":[{"start":{"line":117,"column":8},"end":{"line":117,"column":8}},{"start":{"line":117,"column":8},"end":{"line":117,"column":8}}]}}}}