{"contracts\\ERC20Token.sol":{"l":{"9":51,"13":15},"path":"D:\\SEM_3\\assignment\\DutchAuction\\v3\\contracts\\ERC20Token.sol","s":{"1":51,"2":15},"b":{"1":[15,1]},"f":{"1":51,"2":15},"fnMap":{"1":{"name":"constructor","line":8,"loc":{"start":{"line":8,"column":4},"end":{"line":10,"column":4}}},"2":{"name":"mint","line":12,"loc":{"start":{"line":12,"column":4},"end":{"line":14,"column":4}}}},"statementMap":{"1":{"start":{"line":9,"column":8},"end":{"line":9,"column":53}},"2":{"start":{"line":13,"column":8},"end":{"line":13,"column":24}}},"branchMap":{"1":{"line":12,"type":"if","locations":[{"start":{"line":12,"column":53},"end":{"line":12,"column":53}},{"start":{"line":12,"column":53},"end":{"line":12,"column":53}}]}}},"contracts\\ERC721Token.sol":{"l":{"15":20,"16":20,"17":20,"18":20,"20":20},"path":"D:\\SEM_3\\assignment\\DutchAuction\\v3\\contracts\\ERC721Token.sol","s":{"1":20,"2":20,"3":20,"4":20,"5":20},"b":{"1":[20,2]},"f":{"1":51,"2":20},"fnMap":{"1":{"name":"constructor","line":12,"loc":{"start":{"line":12,"column":4},"end":{"line":12,"column":49}}},"2":{"name":"mint","line":14,"loc":{"start":{"line":14,"column":4},"end":{"line":21,"column":4}}}},"statementMap":{"1":{"start":{"line":15,"column":8},"end":{"line":15,"column":45}},"2":{"start":{"line":16,"column":8},"end":{"line":16,"column":28}},"3":{"start":{"line":17,"column":8},"end":{"line":17,"column":29}},"4":{"start":{"line":18,"column":8},"end":{"line":18,"column":38}},"5":{"start":{"line":20,"column":8},"end":{"line":20,"column":22}}},"branchMap":{"1":{"line":14,"type":"if","locations":[{"start":{"line":14,"column":61},"end":{"line":14,"column":61}},{"start":{"line":14,"column":61},"end":{"line":14,"column":61}}]}}},"contracts\\NFTDutchAuction_ERC20Bids.sol":{"l":{"40":52,"41":52,"42":52,"43":52,"44":52,"45":52,"46":52,"47":52,"48":52,"49":52,"51":52,"52":52,"53":52,"60":16,"61":15,"63":14,"76":14,"77":13,"78":3,"80":13,"81":13,"83":1,"86":14,"88":14,"89":6,"94":9,"95":8,"96":8,"98":8,"99":7,"102":7,"108":7,"111":1,"117":1,"122":4,"123":3,"124":2,"126":1,"127":1,"128":1},"path":"D:\\SEM_3\\assignment\\DutchAuction\\v3\\contracts\\NFTDutchAuction_ERC20Bids.sol","s":{"1":52,"2":16,"3":15,"4":14,"5":14,"6":13,"7":14,"8":14,"9":6,"10":9,"11":8,"12":7,"13":7,"14":1,"15":1,"16":4,"17":3,"18":2,"19":1,"20":1},"b":{"1":[51,1],"2":[15,1],"3":[14,1],"4":[13,1],"5":[3,10],"6":[6,8],"7":[8,1],"8":[7,1],"9":[3,1],"10":[2,1],"11":[1,1]},"f":{"1":52,"2":16,"3":9,"4":4},"fnMap":{"1":{"name":"constructor","line":32,"loc":{"start":{"line":32,"column":4},"end":{"line":57,"column":4}}},"2":{"name":"placeBid","line":59,"loc":{"start":{"line":59,"column":4},"end":{"line":91,"column":4}}},"3":{"name":"endAuction","line":93,"loc":{"start":{"line":93,"column":4},"end":{"line":119,"column":4}}},"4":{"name":"refundBidders","line":121,"loc":{"start":{"line":121,"column":4},"end":{"line":129,"column":4}}}},"statementMap":{"1":{"start":{"line":53,"column":8},"end":{"line":53,"column":1922}},"2":{"start":{"line":60,"column":8},"end":{"line":60,"column":69}},"3":{"start":{"line":61,"column":8},"end":{"line":61,"column":58}},"4":{"start":{"line":63,"column":8},"end":{"line":63,"column":68}},"5":{"start":{"line":76,"column":8},"end":{"line":76,"column":2767}},"6":{"start":{"line":77,"column":12},"end":{"line":77,"column":2814}},"7":{"start":{"line":86,"column":8},"end":{"line":86,"column":45}},"8":{"start":{"line":88,"column":8},"end":{"line":88,"column":3112}},"9":{"start":{"line":89,"column":12},"end":{"line":89,"column":23}},"10":{"start":{"line":94,"column":8},"end":{"line":94,"column":58}},"11":{"start":{"line":98,"column":8},"end":{"line":98,"column":3357}},"12":{"start":{"line":102,"column":12},"end":{"line":102,"column":3567}},"13":{"start":{"line":108,"column":12},"end":{"line":108,"column":56}},"14":{"start":{"line":111,"column":12},"end":{"line":111,"column":3859}},"15":{"start":{"line":117,"column":12},"end":{"line":117,"column":44}},"16":{"start":{"line":122,"column":8},"end":{"line":122,"column":57}},"17":{"start":{"line":123,"column":8},"end":{"line":123,"column":71}},"18":{"start":{"line":124,"column":8},"end":{"line":124,"column":52}},"19":{"start":{"line":126,"column":8},"end":{"line":126,"column":43}},"20":{"start":{"line":128,"column":8},"end":{"line":128,"column":48}}},"branchMap":{"1":{"line":53,"type":"if","locations":[{"start":{"line":53,"column":8},"end":{"line":53,"column":8}},{"start":{"line":53,"column":8},"end":{"line":53,"column":8}}]},"2":{"line":60,"type":"if","locations":[{"start":{"line":60,"column":8},"end":{"line":60,"column":8}},{"start":{"line":60,"column":8},"end":{"line":60,"column":8}}]},"3":{"line":61,"type":"if","locations":[{"start":{"line":61,"column":8},"end":{"line":61,"column":8}},{"start":{"line":61,"column":8},"end":{"line":61,"column":8}}]},"4":{"line":76,"type":"if","locations":[{"start":{"line":76,"column":8},"end":{"line":76,"column":8}},{"start":{"line":76,"column":8},"end":{"line":76,"column":8}}]},"5":{"line":77,"type":"if","locations":[{"start":{"line":77,"column":12},"end":{"line":77,"column":12}},{"start":{"line":77,"column":12},"end":{"line":77,"column":12}}]},"6":{"line":88,"type":"if","locations":[{"start":{"line":88,"column":8},"end":{"line":88,"column":8}},{"start":{"line":88,"column":8},"end":{"line":88,"column":8}}]},"7":{"line":94,"type":"if","locations":[{"start":{"line":94,"column":8},"end":{"line":94,"column":8}},{"start":{"line":94,"column":8},"end":{"line":94,"column":8}}]},"8":{"line":98,"type":"if","locations":[{"start":{"line":98,"column":8},"end":{"line":98,"column":8}},{"start":{"line":98,"column":8},"end":{"line":98,"column":8}}]},"9":{"line":122,"type":"if","locations":[{"start":{"line":122,"column":8},"end":{"line":122,"column":8}},{"start":{"line":122,"column":8},"end":{"line":122,"column":8}}]},"10":{"line":123,"type":"if","locations":[{"start":{"line":123,"column":8},"end":{"line":123,"column":8}},{"start":{"line":123,"column":8},"end":{"line":123,"column":8}}]},"11":{"line":124,"type":"if","locations":[{"start":{"line":124,"column":8},"end":{"line":124,"column":8}},{"start":{"line":124,"column":8},"end":{"line":124,"column":8}}]}}}}