{"contracts\\ERC20Token.sol":{"l":{"9":57,"13":15},"path":"D:\\SEM_3\\assignment\\DutchAuction\\v4\\contracts\\ERC20Token.sol","s":{"1":57,"2":15},"b":{"1":[15,1]},"f":{"1":57,"2":15},"fnMap":{"1":{"name":"constructor","line":8,"loc":{"start":{"line":8,"column":4},"end":{"line":10,"column":4}}},"2":{"name":"mint","line":12,"loc":{"start":{"line":12,"column":4},"end":{"line":14,"column":4}}}},"statementMap":{"1":{"start":{"line":9,"column":8},"end":{"line":9,"column":53}},"2":{"start":{"line":13,"column":8},"end":{"line":13,"column":24}}},"branchMap":{"1":{"line":12,"type":"if","locations":[{"start":{"line":12,"column":53},"end":{"line":12,"column":53}},{"start":{"line":12,"column":53},"end":{"line":12,"column":53}}]}}},"contracts\\ERC721Token.sol":{"l":{"15":22,"16":22,"17":22,"18":22,"20":22},"path":"D:\\SEM_3\\assignment\\DutchAuction\\v4\\contracts\\ERC721Token.sol","s":{"1":22,"2":22,"3":22,"4":22,"5":22},"b":{"1":[22,2]},"f":{"1":57,"2":22},"fnMap":{"1":{"name":"constructor","line":12,"loc":{"start":{"line":12,"column":4},"end":{"line":12,"column":49}}},"2":{"name":"mint","line":14,"loc":{"start":{"line":14,"column":4},"end":{"line":21,"column":4}}}},"statementMap":{"1":{"start":{"line":15,"column":8},"end":{"line":15,"column":45}},"2":{"start":{"line":16,"column":8},"end":{"line":16,"column":28}},"3":{"start":{"line":17,"column":8},"end":{"line":17,"column":29}},"4":{"start":{"line":18,"column":8},"end":{"line":18,"column":38}},"5":{"start":{"line":20,"column":8},"end":{"line":20,"column":22}}},"branchMap":{"1":{"line":14,"type":"if","locations":[{"start":{"line":14,"column":61},"end":{"line":14,"column":61}},{"start":{"line":14,"column":61},"end":{"line":14,"column":61}}]}}},"contracts\\NFTDutchAuction_ERC20Bids.sol":{"l":{"45":61,"46":61,"48":61,"49":61,"50":61,"51":61,"52":61,"53":61,"54":61,"55":61,"56":61,"57":61,"59":61,"60":61,"61":61,"72":2,"76":16,"77":15,"79":14,"81":14,"82":13,"83":3,"85":13,"86":13,"88":1,"91":14,"93":14,"94":6,"99":9,"100":8,"101":8,"103":8,"104":7,"107":7,"113":7,"116":1,"122":1,"127":4,"128":3,"129":2,"131":1,"132":1,"133":1},"path":"D:\\SEM_3\\assignment\\DutchAuction\\v4\\contracts\\NFTDutchAuction_ERC20Bids.sol","s":{"1":61,"2":61,"3":61,"4":2,"5":16,"6":15,"7":14,"8":14,"9":13,"10":14,"11":14,"12":6,"13":9,"14":8,"15":7,"16":7,"17":1,"18":1,"19":4,"20":3,"21":2,"22":1,"23":1},"b":{"1":[61,0],"2":[60,1],"3":[0,0],"4":[15,1],"5":[14,1],"6":[13,1],"7":[3,10],"8":[6,8],"9":[8,1],"10":[7,1],"11":[3,1],"12":[2,1],"13":[1,1]},"f":{"1":61,"2":0,"3":2,"4":16,"5":9,"6":4},"fnMap":{"1":{"name":"initialize","line":44,"loc":{"start":{"line":36,"column":4},"end":{"line":65,"column":4}}},"2":{"name":"_authorizeUpgrade","line":69,"loc":{"start":{"line":67,"column":4},"end":{"line":69,"column":35}}},"3":{"name":"getMessage","line":71,"loc":{"start":{"line":71,"column":4},"end":{"line":73,"column":4}}},"4":{"name":"placeBid","line":75,"loc":{"start":{"line":75,"column":4},"end":{"line":96,"column":4}}},"5":{"name":"endAuction","line":98,"loc":{"start":{"line":98,"column":4},"end":{"line":124,"column":4}}},"6":{"name":"refundBidders","line":126,"loc":{"start":{"line":126,"column":4},"end":{"line":134,"column":4}}}},"statementMap":{"1":{"start":{"line":45,"column":8},"end":{"line":45,"column":23}},"2":{"start":{"line":46,"column":8},"end":{"line":46,"column":31}},"3":{"start":{"line":61,"column":8},"end":{"line":61,"column":2387}},"4":{"start":{"line":72,"column":8},"end":{"line":72,"column":28}},"5":{"start":{"line":76,"column":8},"end":{"line":76,"column":69}},"6":{"start":{"line":77,"column":8},"end":{"line":77,"column":58}},"7":{"start":{"line":79,"column":8},"end":{"line":79,"column":68}},"8":{"start":{"line":81,"column":8},"end":{"line":81,"column":3024}},"9":{"start":{"line":82,"column":12},"end":{"line":82,"column":3071}},"10":{"start":{"line":91,"column":8},"end":{"line":91,"column":45}},"11":{"start":{"line":93,"column":8},"end":{"line":93,"column":3369}},"12":{"start":{"line":94,"column":12},"end":{"line":94,"column":23}},"13":{"start":{"line":99,"column":8},"end":{"line":99,"column":58}},"14":{"start":{"line":103,"column":8},"end":{"line":103,"column":3614}},"15":{"start":{"line":107,"column":12},"end":{"line":107,"column":3824}},"16":{"start":{"line":113,"column":12},"end":{"line":113,"column":56}},"17":{"start":{"line":116,"column":12},"end":{"line":116,"column":4116}},"18":{"start":{"line":122,"column":12},"end":{"line":122,"column":44}},"19":{"start":{"line":127,"column":8},"end":{"line":127,"column":57}},"20":{"start":{"line":128,"column":8},"end":{"line":128,"column":71}},"21":{"start":{"line":129,"column":8},"end":{"line":129,"column":52}},"22":{"start":{"line":131,"column":8},"end":{"line":131,"column":43}},"23":{"start":{"line":133,"column":8},"end":{"line":133,"column":48}}},"branchMap":{"1":{"line":44,"type":"if","locations":[{"start":{"line":44,"column":13},"end":{"line":44,"column":13}},{"start":{"line":44,"column":13},"end":{"line":44,"column":13}}]},"2":{"line":61,"type":"if","locations":[{"start":{"line":61,"column":8},"end":{"line":61,"column":8}},{"start":{"line":61,"column":8},"end":{"line":61,"column":8}}]},"3":{"line":69,"type":"if","locations":[{"start":{"line":69,"column":24},"end":{"line":69,"column":24}},{"start":{"line":69,"column":24},"end":{"line":69,"column":24}}]},"4":{"line":76,"type":"if","locations":[{"start":{"line":76,"column":8},"end":{"line":76,"column":8}},{"start":{"line":76,"column":8},"end":{"line":76,"column":8}}]},"5":{"line":77,"type":"if","locations":[{"start":{"line":77,"column":8},"end":{"line":77,"column":8}},{"start":{"line":77,"column":8},"end":{"line":77,"column":8}}]},"6":{"line":81,"type":"if","locations":[{"start":{"line":81,"column":8},"end":{"line":81,"column":8}},{"start":{"line":81,"column":8},"end":{"line":81,"column":8}}]},"7":{"line":82,"type":"if","locations":[{"start":{"line":82,"column":12},"end":{"line":82,"column":12}},{"start":{"line":82,"column":12},"end":{"line":82,"column":12}}]},"8":{"line":93,"type":"if","locations":[{"start":{"line":93,"column":8},"end":{"line":93,"column":8}},{"start":{"line":93,"column":8},"end":{"line":93,"column":8}}]},"9":{"line":99,"type":"if","locations":[{"start":{"line":99,"column":8},"end":{"line":99,"column":8}},{"start":{"line":99,"column":8},"end":{"line":99,"column":8}}]},"10":{"line":103,"type":"if","locations":[{"start":{"line":103,"column":8},"end":{"line":103,"column":8}},{"start":{"line":103,"column":8},"end":{"line":103,"column":8}}]},"11":{"line":127,"type":"if","locations":[{"start":{"line":127,"column":8},"end":{"line":127,"column":8}},{"start":{"line":127,"column":8},"end":{"line":127,"column":8}}]},"12":{"line":128,"type":"if","locations":[{"start":{"line":128,"column":8},"end":{"line":128,"column":8}},{"start":{"line":128,"column":8},"end":{"line":128,"column":8}}]},"13":{"line":129,"type":"if","locations":[{"start":{"line":129,"column":8},"end":{"line":129,"column":8}},{"start":{"line":129,"column":8},"end":{"line":129,"column":8}}]}}}}