{"contracts\\BasicDutchAuction.sol":{"l":{"28":39,"29":39,"30":39,"31":39,"32":39,"33":39,"34":39,"35":39,"36":39,"40":16,"42":15,"44":14,"45":14,"48":13,"49":5,"51":5,"53":13,"54":13,"64":13,"66":13,"67":7,"72":10,"73":9,"74":9,"76":9,"78":7,"87":7,"88":7,"90":2,"95":14,"99":14,"100":14,"101":14,"107":8,"109":5,"110":5,"111":5,"112":5},"path":"D:\\SEM_3\\assignment\\DutchAuction\\v7\\contracts\\BasicDutchAuction.sol","s":{"1":16,"2":15,"3":14,"4":14,"5":13,"6":5,"7":13,"8":13,"9":7,"10":10,"11":9,"12":7,"13":7,"14":2,"15":14,"16":14,"17":14,"18":14,"19":8,"20":5,"21":5,"22":5},"b":{"1":[15,1],"2":[14,1],"3":[13,1],"4":[5,8],"5":[7,6],"6":[9,1],"7":[7,2],"8":[5,3]},"f":{"1":39,"2":16,"3":10,"4":14,"5":8},"fnMap":{"1":{"name":"constructor","line":23,"loc":{"start":{"line":23,"column":4},"end":{"line":37,"column":4}}},"2":{"name":"placeBid","line":39,"loc":{"start":{"line":39,"column":4},"end":{"line":69,"column":4}}},"3":{"name":"endAuction","line":71,"loc":{"start":{"line":71,"column":4},"end":{"line":92,"column":4}}},"4":{"name":"getCurrentPrice","line":94,"loc":{"start":{"line":94,"column":4},"end":{"line":102,"column":4}}},"5":{"name":"refundBid","line":104,"loc":{"start":{"line":104,"column":4},"end":{"line":113,"column":4}}}},"statementMap":{"1":{"start":{"line":40,"column":8},"end":{"line":40,"column":54}},"2":{"start":{"line":42,"column":8},"end":{"line":42,"column":66}},"3":{"start":{"line":44,"column":8},"end":{"line":44,"column":48}},"4":{"start":{"line":45,"column":8},"end":{"line":45,"column":82}},"5":{"start":{"line":48,"column":8},"end":{"line":48,"column":1625}},"6":{"start":{"line":51,"column":12},"end":{"line":51,"column":35}},"7":{"start":{"line":64,"column":8},"end":{"line":64,"column":45}},"8":{"start":{"line":66,"column":8},"end":{"line":66,"column":2181}},"9":{"start":{"line":67,"column":12},"end":{"line":67,"column":23}},"10":{"start":{"line":72,"column":8},"end":{"line":72,"column":54}},"11":{"start":{"line":76,"column":8},"end":{"line":76,"column":2414}},"12":{"start":{"line":87,"column":12},"end":{"line":87,"column":38}},"13":{"start":{"line":88,"column":12},"end":{"line":88,"column":56}},"14":{"start":{"line":90,"column":12},"end":{"line":90,"column":44}},"15":{"start":{"line":95,"column":8},"end":{"line":95,"column":43}},"16":{"start":{"line":99,"column":8},"end":{"line":99,"column":57}},"17":{"start":{"line":100,"column":8},"end":{"line":100,"column":68}},"18":{"start":{"line":101,"column":8},"end":{"line":101,"column":44}},"19":{"start":{"line":107,"column":8},"end":{"line":107,"column":52}},"20":{"start":{"line":109,"column":8},"end":{"line":109,"column":43}},"21":{"start":{"line":111,"column":8},"end":{"line":111,"column":46}},"22":{"start":{"line":112,"column":8},"end":{"line":112,"column":45}}},"branchMap":{"1":{"line":40,"type":"if","locations":[{"start":{"line":40,"column":8},"end":{"line":40,"column":8}},{"start":{"line":40,"column":8},"end":{"line":40,"column":8}}]},"2":{"line":42,"type":"if","locations":[{"start":{"line":42,"column":8},"end":{"line":42,"column":8}},{"start":{"line":42,"column":8},"end":{"line":42,"column":8}}]},"3":{"line":45,"type":"if","locations":[{"start":{"line":45,"column":8},"end":{"line":45,"column":8}},{"start":{"line":45,"column":8},"end":{"line":45,"column":8}}]},"4":{"line":48,"type":"if","locations":[{"start":{"line":48,"column":8},"end":{"line":48,"column":8}},{"start":{"line":48,"column":8},"end":{"line":48,"column":8}}]},"5":{"line":66,"type":"if","locations":[{"start":{"line":66,"column":8},"end":{"line":66,"column":8}},{"start":{"line":66,"column":8},"end":{"line":66,"column":8}}]},"6":{"line":72,"type":"if","locations":[{"start":{"line":72,"column":8},"end":{"line":72,"column":8}},{"start":{"line":72,"column":8},"end":{"line":72,"column":8}}]},"7":{"line":76,"type":"if","locations":[{"start":{"line":76,"column":8},"end":{"line":76,"column":8}},{"start":{"line":76,"column":8},"end":{"line":76,"column":8}}]},"8":{"line":107,"type":"if","locations":[{"start":{"line":107,"column":8},"end":{"line":107,"column":8}},{"start":{"line":107,"column":8},"end":{"line":107,"column":8}}]}}}}